Arguments: 
  C:\Program Files\nodejs\node.exe C:\Users\Potato\AppData\Roaming\npm\node_modules\yarn\bin\yarn.js add -D prisma@3.6.0

PATH: 
  C:\Users\Potato\AppData\Local\Temp\yarn--1639060341346-0.8812121947860001;C:\Users\Potato\Documents\Github\search-in-github\server\prisma\node_modules\.bin;C:\Users\Potato\AppData\Local\Yarn\Data\link\node_modules\.bin;C:\Users\Potato\AppData\Local\Yarn\bin;C:\Program Files\libexec\lib\node_modules\npm\bin\node-gyp-bin;C:\Program Files\lib\node_modules\npm\bin\node-gyp-bin;C:\Program Files\nodejs\node_modules\npm\bin\node-gyp-bin;C:\Program Files (x86)\Common Files\Oracle\Java\javapath;C:\Program Files\Python39\Scripts\;C:\Program Files\Python39\;C:\WINDOWS\system32;C:\WINDOWS;C:\WINDOWS\System32\Wbem;C:\WINDOWS\System32\WindowsPowerShell\v1.0\;C:\WINDOWS\System32\OpenSSH\;C:\ProgramData\chocolatey\bin;C:\Program Files\Git\cmd;C:\Program Files\nodejs\;C:\Program Files\Docker\Docker\resources\bin;C:\ProgramData\DockerDesktop\version-bin;C:\Users\Potato\AppData\Local\Microsoft\WindowsApps;C:\Users\Potato\AppData\Local\Microsoft\WindowsApps;C:\Users\Potato\AppData\Local\Programs\Microsoft VS Code\bin;C:\Users\Potato\AppData\Local\GitHubDesktop\bin;C:\Users\Potato\AppData\Roaming\npm;D:\Cours\EFREi\DevOps\;C:\Program Files\spark\bin;

Yarn version: 
  1.22.17

Node version: 
  14.18.0

Platform: 
  win32 x64

Trace: 
  Error: EPERM: operation not permitted, unlink 'C:\Users\Potato\Documents\Github\search-in-github\server\prisma\node_modules\prisma\query_engine-windows.dll.node'

npm manifest: 
  {
    "dependencies": {
      "yarn": "^1.22.17"
    },
    "devDependencies": {
      "prisma": "^3.6.0"
    }
  }

yarn manifest: 
  No manifest

Lockfile: 
  # THIS IS AN AUTOGENERATED FILE. DO NOT EDIT THIS FILE DIRECTLY.
  # yarn lockfile v1
  
  
  "@prisma/engines@3.6.0-24.dc520b92b1ebb2d28dc3161f9f82e875bd35d727":
    version "3.6.0-24.dc520b92b1ebb2d28dc3161f9f82e875bd35d727"
    resolved "https://registry.yarnpkg.com/@prisma/engines/-/engines-3.6.0-24.dc520b92b1ebb2d28dc3161f9f82e875bd35d727.tgz#c68ede6aeffa9ef7743a32cfa6daf9172a4e15b3"
    integrity sha512-dRClHS7DsTVchDKzeG72OaEyeDskCv91pnZ72Fftn0mp4BkUvX2LvWup65hCNzwwQm5IDd6A88APldKDnMiEMA==
  
  prisma@^3.6.0:
    version "3.6.0"
    resolved "https://registry.yarnpkg.com/prisma/-/prisma-3.6.0.tgz#99532abc02e045e58c6133a19771bdeb28cecdbe"
    integrity sha512-6SqgHS/5Rq6HtHjsWsTxlj+ySamGyCLBUQfotc2lStOjPv52IQuDVpp58GieNqc9VnfuFyHUvTZw7aQB+G2fvQ==
    dependencies:
      "@prisma/engines" "3.6.0-24.dc520b92b1ebb2d28dc3161f9f82e875bd35d727"
  
  yarn@^1.22.17:
    version "1.22.17"
    resolved "https://registry.yarnpkg.com/yarn/-/yarn-1.22.17.tgz#bf910747d22497b573131f7341c0e1d15c74036c"
    integrity sha512-H0p241BXaH0UN9IeH//RT82tl5PfNraVpSpEoW+ET7lmopNC61eZ+A+IDvU8FM6Go5vx162SncDL8J1ZjRBriQ==
